<Database 'tweets'>
number of tweets: 467031
--- 359.8480689525604 seconds ---
Process 28236 dead!
Process 28236 detected
[nltk_data] Downloading package wordnet to /home/ubuntu/nltk_data...
[nltk_data]   Package wordnet is already up-to-date!
[nltk_data] Downloading package stopwords to /home/ubuntu/nltk_data...
[nltk_data]   Package stopwords is already up-to-date!
<Database 'tweets'>
number of tweets: 467031
(0, '0.058*"http" + 0.014*"happy" + 0.013*"always" + 0.012*"watch" + 0.007*"#auspol" + 0.007*"birthday"')
(1, '0.043*"http" + 0.006*"money" + 0.003*"pressure" + 0.003*"can\'t" + 0.003*"drive" + 0.003*"know"')
(2, '0.058*"http" + 0.009*"never" + 0.007*"coming" + 0.005*"sound" + 0.005*"enjoy" + 0.004*"family"')
(3, '0.061*"http" + 0.005*"business" + 0.005*"power" + 0.005*"right" + 0.005*"congratulations" + 0.004*"catch"')
(4, '0.062*"http" + 0.017*"today" + 0.017*"thanks" + 0.015*"sydney" + 0.013*"thank" + 0.009*"really"')
(5, '0.069*"http" + 0.008*"friend" + 0.007*"something" + 0.007*"looking" + 0.007*"actually" + 0.006*"nothing"')
(6, '0.180*"http" + 0.013*"melbourne" + 0.008*"weekend" + 0.006*"might" + 0.005*"morning" + 0.004*"season"')
(7, '0.077*"http" + 0.012*"still" + 0.012*"going" + 0.011*"would" + 0.010*"think" + 0.010*"people"')
(8, '0.095*"http" + 0.009*"#hiring" + 0.009*"night" + 0.008*"look" + 0.008*"photo" + 0.007*"#careerarc"')
(9, '0.086*"http" + 0.021*"australia" + 0.011*"great" + 0.010*"beautiful" + 0.008*"watching" + 0.006*"awesome"')
/share/app/visu/venv3/lib/python3.5/site-packages/pyLDAvis/_prepare.py:387: DeprecationWarning: 
.ix is deprecated. Please use
.loc for label based indexing or
.iloc for positional indexing

See the documentation here:
http://pandas.pydata.org/pandas-docs/stable/indexing.html#ix-indexer-is-deprecated
  topic_term_dists = topic_term_dists.ix[topic_order]
--- 14742.801655054092 seconds ---
Process 28233 dead!
Process 28233 detected
<Database 'tweets'>
number of tweets: 1000
Traceback (most recent call last):
  File "time_series.py", line 34, in <module>
    time_chart.to_json('/share/app/web/webroot/data/time_chart.json')
  File "/share/app/visu/venv3/lib/python3.5/site-packages/vincent/core.py", line 359, in to_json
    with open(path, 'w') as f:
PermissionError: [Errno 13] Permission denied: '/share/app/web/webroot/data/time_chart.json'
Process 2969 dead!
Process 2969 detected
[nltk_data] Downloading package wordnet to /home/ubuntu/nltk_data...
[nltk_data]   Package wordnet is already up-to-date!
[nltk_data] Downloading package stopwords to /home/ubuntu/nltk_data...
[nltk_data]   Package stopwords is already up-to-date!
<Database 'tweets'>
number of tweets: 1000
(0, '0.008*"@primabaci" + 0.008*"@ozprotectionist" + 0.005*"@kelliekelly23" + 0.005*"@vmainard" + 0.005*"@canberroo" + 0.005*"@macsween_prue"')
(1, '0.005*"today" + 0.004*"going" + 0.004*"right" + 0.004*"netflix" + 0.004*"thanks" + 0.004*"commonwealth"')
(2, '0.006*"today" + 0.005*"morning" + 0.004*"first" + 0.004*"things" + 0.004*"trinity" + 0.004*"kuranda"')
(3, '0.008*"@lo2bsh" + 0.008*"@tutulsa" + 0.008*"@usakathydavis" + 0.008*"@crispi66" + 0.008*"@carvalheucilene" + 0.008*"@fluffycakewhore"')
(4, '0.004*"thanks" + 0.004*"tasmania" + 0.003*"today" + 0.003*"hobart" + 0.003*"visit" + 0.003*"years"')
(5, '0.005*"today" + 0.003*"@juniperlilacs" + 0.003*"season" + 0.003*"@ruraldoctorsaus" + 0.003*"@acrrm" + 0.003*"happy"')
(6, '0.009*"think" + 0.008*"#closingceremony" + 0.006*"great" + 0.005*"coachella" + 0.004*"weekend" + 0.004*"douglas"')
(7, '0.024*"#closingceremony" + 0.019*"#gc2018" + 0.007*"https://t.co/gq4m3v6ber" + 0.007*"#birmingham2022" + 0.006*"would" + 0.006*"register"')
(8, '0.009*"#closingceremony" + 0.007*"australia" + 0.006*"thanks" + 0.006*"#nufc" + 0.006*"would" + 0.005*"sunday"')
(9, '0.012*"great" + 0.007*"think" + 0.006*"happy" + 0.003*"little" + 0.003*"base" + 0.003*"right"')
/share/app/visu/venv3/lib/python3.5/site-packages/pyLDAvis/_prepare.py:387: DeprecationWarning: 
.ix is deprecated. Please use
.loc for label based indexing or
.iloc for positional indexing

See the documentation here:
http://pandas.pydata.org/pandas-docs/stable/indexing.html#ix-indexer-is-deprecated
  topic_term_dists = topic_term_dists.ix[topic_order]
--- 18.69222331047058 seconds ---
Process 2966 dead!
Process 2966 detected
<Database 'tweets'>
number of tweets: 1000
--- 0.815427303314209 seconds ---
Process 3233 dead!
Process 3233 detected
[nltk_data] Downloading package wordnet to /home/ubuntu/nltk_data...
[nltk_data]   Package wordnet is already up-to-date!
[nltk_data] Downloading package stopwords to /home/ubuntu/nltk_data...
[nltk_data]   Package stopwords is already up-to-date!
<Database 'tweets'>
number of tweets: 1000
(0, '0.005*"great" + 0.005*"@boyfromburleigh" + 0.004*"@primabaci" + 0.004*"@ozprotectionist" + 0.004*"better" + 0.004*"people"')
(1, '0.005*"today" + 0.005*"great" + 0.004*"season" + 0.004*"first" + 0.004*"hobart" + 0.004*"getting"')
(2, '0.007*"kuranda" + 0.006*"queensland" + 0.005*"start" + 0.005*"@mitcheltonscott" + 0.005*"@amandaspratt" + 0.005*"australia"')
(3, '0.007*"@fluffycakewhore" + 0.007*"@crispi66" + 0.007*"@usakathydavis" + 0.007*"@carvalheucilene" + 0.007*"@lo2bsh" + 0.007*"@tutulsa"')
(4, '0.030*"#closingceremony" + 0.020*"#gc2018" + 0.008*"great" + 0.006*"#birmingham2022" + 0.005*"thanks" + 0.004*"@macsween_prue"')
(5, '0.006*"would" + 0.004*"still" + 0.004*"going" + 0.004*"cream" + 0.004*"coffee" + 0.004*"think"')
(6, '0.007*"#closingceremony" + 0.004*"#nufc" + 0.004*"thing" + 0.004*"right" + 0.004*"netflix" + 0.003*"would"')
(7, '0.006*"australia" + 0.006*"think" + 0.005*"airport" + 0.005*"@acrrm" + 0.005*"@rda_tas" + 0.004*"interest"')
(8, '0.007*"today" + 0.007*"https://t.co/gq4m3v6ber" + 0.006*"register" + 0.005*"hobart" + 0.004*"amaze" + 0.004*"island"')
(9, '0.008*"thanks" + 0.007*"trinity" + 0.007*"douglas" + 0.006*"cairn" + 0.006*"inlet" + 0.006*"@untamedsnark"')
/share/app/visu/venv3/lib/python3.5/site-packages/pyLDAvis/_prepare.py:387: DeprecationWarning: 
.ix is deprecated. Please use
.loc for label based indexing or
.iloc for positional indexing

See the documentation here:
http://pandas.pydata.org/pandas-docs/stable/indexing.html#ix-indexer-is-deprecated
  topic_term_dists = topic_term_dists.ix[topic_order]
--- 18.840007305145264 seconds ---
Process 3230 dead!
Process 3230 detected
<Database 'tweets'>
number of tweets: 1000
--- 0.6796486377716064 seconds ---
Process 3726 dead!
Process 3726 detected
[nltk_data] Downloading package wordnet to /home/ubuntu/nltk_data...
[nltk_data]   Package wordnet is already up-to-date!
[nltk_data] Downloading package stopwords to /home/ubuntu/nltk_data...
[nltk_data]   Package stopwords is already up-to-date!
<Database 'tweets'>
number of tweets: 1000
(0, '0.010*"today" + 0.007*"right" + 0.004*"thanks" + 0.004*"game" + 0.004*"coachella" + 0.003*"thank"')
(1, '0.029*"#closingceremony" + 0.018*"#gc2018" + 0.006*"#birmingham2022" + 0.005*"australia" + 0.005*"thanks" + 0.005*"@vmainard"')
(2, '0.005*"think" + 0.005*"night" + 0.005*"still" + 0.004*"thank" + 0.004*"thing" + 0.004*"better"')
(3, '0.005*"think" + 0.005*"great" + 0.005*"today" + 0.005*"really" + 0.004*"@danielricciardo" + 0.004*"could"')
(4, '0.006*"beautiful" + 0.005*"thanks" + 0.005*"people" + 0.005*"today" + 0.004*"#nufc" + 0.004*"beach"')
(5, '0.005*"hobart" + 0.004*"cairn" + 0.004*"start" + 0.004*"great" + 0.004*"place" + 0.004*"think"')
(6, '0.009*"@tutulsa" + 0.009*"@lo2bsh" + 0.008*"@carvalheucilene" + 0.008*"@usakathydavis" + 0.008*"@crispi66" + 0.008*"happy"')
(7, '0.008*"https://t.co/gq4m3v6ber" + 0.006*"register" + 0.005*"right" + 0.004*"state" + 0.004*"kuranda" + 0.004*"@acrrm"')
(8, '0.007*"great" + 0.005*"australia" + 0.005*"today" + 0.004*"people" + 0.004*"woman" + 0.004*"kuranda"')
(9, '0.005*"#closingceremony" + 0.005*"would" + 0.005*"#nufc" + 0.004*"morning" + 0.004*"first" + 0.004*"think"')
/share/app/visu/venv3/lib/python3.5/site-packages/pyLDAvis/_prepare.py:387: DeprecationWarning: 
.ix is deprecated. Please use
.loc for label based indexing or
.iloc for positional indexing

See the documentation here:
http://pandas.pydata.org/pandas-docs/stable/indexing.html#ix-indexer-is-deprecated
  topic_term_dists = topic_term_dists.ix[topic_order]
--- 18.870019912719727 seconds ---
Process 3723 dead!
Process 3723 detected
